Arguments: 
  /usr/bin/node /usr/share/yarn/bin/yarn.js add @types/react-native-picker-select

PATH: 
  /home/frag/.deno/bin:/home/frag/go/bin:/usr/local/go/bin:/home/frag/.zinit/polaris/bin:/home/frag/go/bin:/usr/local/go/bin:/usr/local/sbin:/usr/local/bin:/usr/sbin:/usr/bin:/sbin:/bin:/usr/games:/usr/local/games:/usr/lib/jvm/java-11-openjdk-amd64/bin:/opt/apache-maven-3.6.3/bin:/snap/bin

Yarn version: 
  1.22.4

Node version: 
  12.18.0

Platform: 
  linux x64

Trace: 
  Error: https://registry.yarnpkg.com/@types%2freact-native-picker-select: Not found
      at Request.params.callback [as _callback] (/usr/share/yarn/lib/cli.js:66987:18)
      at Request.self.callback (/usr/share/yarn/lib/cli.js:140748:22)
      at Request.emit (events.js:315:20)
      at Request.<anonymous> (/usr/share/yarn/lib/cli.js:141720:10)
      at Request.emit (events.js:315:20)
      at IncomingMessage.<anonymous> (/usr/share/yarn/lib/cli.js:141642:12)
      at Object.onceWrapper (events.js:421:28)
      at IncomingMessage.emit (events.js:327:22)
      at endReadableNT (_stream_readable.js:1221:12)
      at processTicksAndRejections (internal/process/task_queues.js:84:21)

npm manifest: 
  {
    "dependencies": {
      "react-native-picker-select": "^7.0.0"
    }
  }

yarn manifest: 
  No manifest

Lockfile: 
  # THIS IS AN AUTOGENERATED FILE. DO NOT EDIT THIS FILE DIRECTLY.
  # yarn lockfile v1
  
  
  lodash.isequal@^4.5.0:
    version "4.5.0"
    resolved "https://registry.yarnpkg.com/lodash.isequal/-/lodash.isequal-4.5.0.tgz#415c4478f2bcc30120c22ce10ed3226f7d3e18e0"
    integrity sha1-QVxEePK8wwEgwizhDtMib30+GOA=
  
  react-native-picker-select@^7.0.0:
    version "7.0.0"
    resolved "https://registry.yarnpkg.com/react-native-picker-select/-/react-native-picker-select-7.0.0.tgz#4808a1177f997e234bb8505849dfffe1a01fedac"
    integrity sha512-SO7b7wHfeM07oVTsLhBlT/VDvMXg2aP0Xy5CA+kL7+oV2Bq6nfKTVjpB2+HLVhFik9i/tlq5ROuGdUrfPhl3rg==
    dependencies:
      lodash.isequal "^4.5.0"
